*****************************
***********SYSTEM************
*****************************
Unity Version:2022.3.6f1
OS:Windows 11  (10.0.22621) 64bit
System Time: 29.11.2023 17:15:52

*****************************
***********PROJECT***********
*****************************
Scripting Define Symbols: USE_INPUT_SYSTEM_POSE_CONTROL;USE_INPUT_SYSTEM_POSE_CONTROL;USE_INPUT_SYSTEM_POSE_CONTROL;C3D_DEFAULT
Packages:
  com.cognitive3d.c3d-sdk 1.4.0
  com.unity.collab-proxy 2.0.7
  com.unity.ide.rider 3.0.24
  com.unity.ide.visualstudio 2.0.22
  com.unity.ide.vscode 1.2.5
  com.unity.render-pipelines.universal 14.0.8
  com.unity.test-framework 1.1.33
  com.unity.textmeshpro 3.0.6
  com.unity.timeline 1.7.6
  com.unity.ugui 1.0.0
  com.unity.visualscripting 1.8.0
  com.unity.xr.interaction.toolkit 2.4.3
  com.unity.xr.management 4.4.0
  com.unity.xr.oculus 4.0.0
  com.unity.xr.openxr 1.8.2
  com.unity.modules.ai 1.0.0
  com.unity.modules.androidjni 1.0.0
  com.unity.modules.animation 1.0.0
  com.unity.modules.assetbundle 1.0.0
  com.unity.modules.audio 1.0.0
  com.unity.modules.cloth 1.0.0
  com.unity.modules.director 1.0.0
  com.unity.modules.imageconversion 1.0.0
  com.unity.modules.imgui 1.0.0
  com.unity.modules.jsonserialize 1.0.0
  com.unity.modules.particlesystem 1.0.0
  com.unity.modules.physics 1.0.0
  com.unity.modules.physics2d 1.0.0
  com.unity.modules.screencapture 1.0.0
  com.unity.modules.terrain 1.0.0
  com.unity.modules.terrainphysics 1.0.0
  com.unity.modules.tilemap 1.0.0
  com.unity.modules.ui 1.0.0
  com.unity.modules.uielements 1.0.0
  com.unity.modules.umbra 1.0.0
  com.unity.modules.unityanalytics 1.0.0
  com.unity.modules.unitywebrequest 1.0.0
  com.unity.modules.unitywebrequestassetbundle 1.0.0
  com.unity.modules.unitywebrequestaudio 1.0.0
  com.unity.modules.unitywebrequesttexture 1.0.0
  com.unity.modules.unitywebrequestwww 1.0.0
  com.unity.modules.vehicles 1.0.0
  com.unity.modules.video 1.0.0
  com.unity.modules.vr 1.0.0
  com.unity.modules.wind 1.0.0
  com.unity.modules.xr 1.0.0
SDK Version: 1.4.0
Api Key: ****4273
Developer Key: ****A2VX
Enable Logging: True
Enable Development Logging: False
Gaze Type: Physics
Snapshot Interval: 0,1
Dynamic Object Search in Parent: True
Dynamic Object Layer Mask: -1
Track GPS Location: False
GPS Accuracy: 2
Record Floor Position: True
Automatic Send Timer: 10
Gaze Snapshot Batch Size: 64
Event Snapshot Batch Size: 64
Dynamic Snapshot Batch Size: 128
Sensor Snapshot Batch Size: 128
Fixation Snapshot Batch Size: 64
Save Data to Local Cache if no internet connection: True
Cache Size (bytes): 104857600
Cache Size (mb): 100.0 MB
Custom Protocol: https
Custom Gateway: data.cognitive3d.com
Custom Viewer: viewer.cognitive3d.com/scene/
Custom Dashboard: app.cognitive3d.com
Texture Export Quality: 1
Export Lowest LOD from LODGroup Components: True
Scene Settings:
  └─2 Space Ship
     ├─Scene Id: 
     ├─Scene Path: Assets/Scenes/2 Space Ship.unity
     ├─Last Revision: 
     ├─Version Number: 0
     └─Version Id: 0

*****************************
********CURRENT SCENE********
*****************************
Scene Name: 2 Space Ship
Scene Id: 
Scene Path: Assets/Scenes/2 Space Ship.unity
Last Revision: 
Version Number: 0
Version Id: 0
Scene Size (mb): 17,45
Main Camera GameObject: Main Camera
Manager Initialize On Start: True
Manager Startup Delay Time (s): 0

*****************************
****CURRENT SCENE OBJECTS****
*****************************
Dynamic Object Count: 2
  ├─Right Controller
  │  ├─Mesh Name: right_controller
  │  ├─Has Collider: false
  │  ├─Has Children: true
  │  └─Has Child Colliders: true
  └─Left Controller
     ├─Mesh Name: left_controller
     ├─Has Collider: false
     ├─Has Children: true
     └─Has Child Colliders: true

*****************************
********EXPORT FOLDER********
*****************************
/Cognitive3D_SceneExplorerExport (17mb)
   /2 Space Ship (17,45mb)
      1071795821sci-fi_pistol_low_uv_BaseColorMain.png (3,78mb)
      1134220511mettalicMetallicGloss.png (0,00mb)
      1213659388computer_wall_metalicMetallicGloss.png (0,03mb)
      1234547009base-color-normalBump.png (2,28mb)
      1368721459projector_warningMain.png (0,04mb)
      1453652833window_big_transparent_maskMetallicGloss.png (0,19mb)
      1828012235base-colorMain.png (0,35mb)
      1950241435Rock_NormalBump.png (1,40mb)
      1995425046Rock_Diffuse_DarkerMain.png (4,31mb)
      2080679044computer_wall_textureMain.png (0,05mb)
      651518472latticeMain.png (0,03mb)
      736307130sci-fi_pistol_low_uv_NormalBump.png (2,19mb)
      774059691window_bigMain.png (0,24mb)
      783747476sci-fi_pistol_low_uv_MetallicMetallicGloss.png (1,48mb)
      scene.bin (0,87mb)
      scene.gltf (0,20mb)
      settings.json (0,00mb)
